2022-06-08 12:03:38,976 INFO o.a.j.u.JMeterUtils: Setting Locale to en_EN
2022-06-08 12:03:38,990 INFO o.a.j.JMeter: Loading user properties from: C:\Java\apache-jmeter-5.4.3\bin\user.properties
2022-06-08 12:03:38,990 INFO o.a.j.JMeter: Loading system properties from: C:\Java\apache-jmeter-5.4.3\bin\system.properties
2022-06-08 12:03:38,994 INFO o.a.j.JMeter: Copyright (c) 1998-2021 The Apache Software Foundation
2022-06-08 12:03:38,994 INFO o.a.j.JMeter: Version 5.4.3
2022-06-08 12:03:38,994 INFO o.a.j.JMeter: java.version=11.0.15
2022-06-08 12:03:38,994 INFO o.a.j.JMeter: java.vm.name=OpenJDK 64-Bit Server VM
2022-06-08 12:03:38,994 INFO o.a.j.JMeter: os.name=Windows 11
2022-06-08 12:03:38,994 INFO o.a.j.JMeter: os.arch=amd64
2022-06-08 12:03:38,994 INFO o.a.j.JMeter: os.version=10.0
2022-06-08 12:03:38,994 INFO o.a.j.JMeter: file.encoding=Cp1252
2022-06-08 12:03:38,994 INFO o.a.j.JMeter: java.awt.headless=true
2022-06-08 12:03:38,994 INFO o.a.j.JMeter: Max memory     =1073741824
2022-06-08 12:03:38,994 INFO o.a.j.JMeter: Available Processors =16
2022-06-08 12:03:38,999 INFO o.a.j.JMeter: Default Locale=English (EN)
2022-06-08 12:03:38,999 INFO o.a.j.JMeter: JMeter  Locale=English (EN)
2022-06-08 12:03:38,999 INFO o.a.j.JMeter: JMeterHome=C:\Java\apache-jmeter-5.4.3
2022-06-08 12:03:38,999 INFO o.a.j.JMeter: user.dir  =w:\Workspace\crc\examples\spring-2-kafka-log4j\jmeter
2022-06-08 12:03:39,000 INFO o.a.j.JMeter: PWD       =W:\Workspace\crc\examples\spring-2-kafka-log4j\jmeter
2022-06-08 12:03:43,529 INFO o.a.j.JMeter: IP: 192.168.56.1 Name: DESKTOP-11 FullName: DESKTOP-11
2022-06-08 12:03:43,557 INFO o.a.j.JMeter: Setting property 'jmeter.reportgenerator.outputdir' to:'w:\Workspace\crc\examples\spring-2-kafka-log4j\jmeter\local'
2022-06-08 12:03:43,559 INFO o.a.j.s.FileServer: Default base='w:\Workspace\crc\examples\spring-2-kafka-log4j\jmeter'
2022-06-08 12:03:43,559 INFO o.a.j.s.FileServer: Set new base='w:\Workspace\crc\examples\spring-2-kafka-log4j\jmeter'
2022-06-08 12:03:43,657 INFO o.a.j.s.SaveService: Testplan (JMX) version: 2.2. Testlog (JTL) version: 2.2
2022-06-08 12:03:43,669 INFO o.a.j.s.SaveService: Using SaveService properties version 5.0
2022-06-08 12:03:43,672 INFO o.a.j.s.SaveService: Using SaveService properties file encoding UTF-8
2022-06-08 12:03:43,674 INFO o.a.j.s.SaveService: Loading file: log-test.jmx
2022-06-08 12:03:43,705 INFO o.a.j.p.h.s.HTTPSamplerBase: Parser for text/html is org.apache.jmeter.protocol.http.parser.LagartoBasedHtmlParser
2022-06-08 12:03:43,705 INFO o.a.j.p.h.s.HTTPSamplerBase: Parser for application/xhtml+xml is org.apache.jmeter.protocol.http.parser.LagartoBasedHtmlParser
2022-06-08 12:03:43,705 INFO o.a.j.p.h.s.HTTPSamplerBase: Parser for application/xml is org.apache.jmeter.protocol.http.parser.LagartoBasedHtmlParser
2022-06-08 12:03:43,705 INFO o.a.j.p.h.s.HTTPSamplerBase: Parser for text/xml is org.apache.jmeter.protocol.http.parser.LagartoBasedHtmlParser
2022-06-08 12:03:43,705 INFO o.a.j.p.h.s.HTTPSamplerBase: Parser for text/vnd.wap.wml is org.apache.jmeter.protocol.http.parser.RegexpHTMLParser
2022-06-08 12:03:43,705 INFO o.a.j.p.h.s.HTTPSamplerBase: Parser for text/css is org.apache.jmeter.protocol.http.parser.CssParser
2022-06-08 12:03:43,718 INFO o.a.j.JMeter: Creating summariser <summary>
2022-06-08 12:03:43,721 INFO o.a.j.r.d.ReportGenerator: ReportGenerator will use for Parsing the separator: ','
2022-06-08 12:03:43,721 INFO o.a.j.r.d.ReportGenerator: Will generate report at end of test from  results file: local/log-test-result.out
2022-06-08 12:03:43,721 INFO o.a.j.r.d.ReportGenerator: Reading report generator properties from: C:\Java\apache-jmeter-5.4.3\bin\reportgenerator.properties
2022-06-08 12:03:43,722 INFO o.a.j.r.d.ReportGenerator: Merging with JMeter properties
2022-06-08 12:03:43,724 INFO o.a.j.r.c.ReportGeneratorConfiguration: Property 'jmeter.reportgenerator.temp_dir' not found, using default value 'temp' instead.
2022-06-08 12:03:43,726 INFO o.a.j.r.c.ReportGeneratorConfiguration: Property 'jmeter.reportgenerator.apdex_per_transaction' not found, using default value 'null' instead.
2022-06-08 12:03:43,726 INFO o.a.j.r.c.ReportGeneratorConfiguration: apdex_per_transaction is empty, not APDEX per transaction customization
2022-06-08 12:03:43,726 INFO o.a.j.r.c.ReportGeneratorConfiguration: Property 'jmeter.reportgenerator.sample_filter' not found, using default value 'null' instead.
2022-06-08 12:03:43,726 INFO o.a.j.r.c.ReportGeneratorConfiguration: Property 'jmeter.reportgenerator.report_title' not found, using default value 'null' instead.
2022-06-08 12:03:43,726 INFO o.a.j.r.c.ReportGeneratorConfiguration: Property 'jmeter.reportgenerator.start_date' not found, using default value 'null' instead.
2022-06-08 12:03:43,726 INFO o.a.j.r.c.ReportGeneratorConfiguration: Property 'jmeter.reportgenerator.end_date' not found, using default value 'null' instead.
2022-06-08 12:03:43,726 INFO o.a.j.r.c.ReportGeneratorConfiguration: Property 'jmeter.reportgenerator.date_format' not found, using default value 'null' instead.
2022-06-08 12:03:43,726 INFO o.a.j.r.c.ReportGeneratorConfiguration: Will use date range start date: null, end date: null
2022-06-08 12:03:43,729 INFO o.a.j.r.c.ReportGeneratorConfiguration: Property 'jmeter.reportgenerator.graph.totalTPS.exclude_controllers' not found, using default value 'false' instead.
2022-06-08 12:03:43,729 INFO o.a.j.r.c.ReportGeneratorConfiguration: Property 'jmeter.reportgenerator.graph.activeThreadsOverTime.exclude_controllers' not found, using default value 'false' instead.
2022-06-08 12:03:43,729 INFO o.a.j.r.c.ReportGeneratorConfiguration: Property 'jmeter.reportgenerator.graph.timeVsThreads.exclude_controllers' not found, using default value 'false' instead.
2022-06-08 12:03:43,729 INFO o.a.j.r.c.ReportGeneratorConfiguration: Property 'jmeter.reportgenerator.graph.responseTimeDistribution.exclude_controllers' not found, using default value 'false' instead.
2022-06-08 12:03:43,729 INFO o.a.j.r.c.ReportGeneratorConfiguration: Property 'jmeter.reportgenerator.graph.transactionsPerSecond.exclude_controllers' not found, using default value 'false' instead.
2022-06-08 12:03:43,730 INFO o.a.j.r.c.ReportGeneratorConfiguration: Property 'jmeter.reportgenerator.graph.responseTimePercentiles.exclude_controllers' not found, using default value 'false' instead.
2022-06-08 12:03:43,730 INFO o.a.j.r.c.ReportGeneratorConfiguration: Property 'jmeter.reportgenerator.graph.responseTimePercentilesOverTime.exclude_controllers' not found, using default value 'false' instead.
2022-06-08 12:03:43,730 INFO o.a.j.r.c.ReportGeneratorConfiguration: Property 'jmeter.reportgenerator.graph.responseTimesOverTime.exclude_controllers' not found, using default value 'false' instead.
2022-06-08 12:03:43,730 INFO o.a.j.r.c.ReportGeneratorConfiguration: Property 'jmeter.reportgenerator.graph.connectTimeOverTime.exclude_controllers' not found, using default value 'false' instead.
2022-06-08 12:03:43,730 INFO o.a.j.r.c.ReportGeneratorConfiguration: Property 'jmeter.reportgenerator.graph.latenciesOverTime.exclude_controllers' not found, using default value 'false' instead.
2022-06-08 12:03:43,731 INFO o.a.j.r.c.ReportGeneratorConfiguration: Property 'jmeter.reportgenerator.exporter.json.filters_only_sample_series' not found, using default value 'true' instead.
2022-06-08 12:03:43,731 INFO o.a.j.r.c.ReportGeneratorConfiguration: Property 'jmeter.reportgenerator.exporter.json.series_filter' not found, using default value '' instead.
2022-06-08 12:03:43,731 INFO o.a.j.r.c.ReportGeneratorConfiguration: Property 'jmeter.reportgenerator.exporter.json.show_controllers_only' not found, using default value 'false' instead.
2022-06-08 12:03:43,731 INFO o.a.j.r.c.ReportGeneratorConfiguration: Property 'jmeter.reportgenerator.exporter.html.filters_only_sample_series' not found, using default value 'true' instead.
2022-06-08 12:03:43,731 INFO o.a.j.r.c.ReportGeneratorConfiguration: Property 'jmeter.reportgenerator.exporter.html.series_filter' not found, using default value '' instead.
2022-06-08 12:03:43,731 INFO o.a.j.r.c.ReportGeneratorConfiguration: Property 'jmeter.reportgenerator.exporter.html.show_controllers_only' not found, using default value 'false' instead.
2022-06-08 12:03:43,734 INFO o.a.j.e.StandardJMeterEngine: Running the test!
2022-06-08 12:03:43,735 INFO o.a.j.s.SampleEvent: List of sample_variables: []
2022-06-08 12:03:43,735 INFO o.a.j.s.SampleEvent: List of sample_variables: []
2022-06-08 12:03:43,741 INFO o.a.j.e.u.CompoundVariable: Note: Function class names must contain the string: '.functions.'
2022-06-08 12:03:43,741 INFO o.a.j.e.u.CompoundVariable: Note: Function class names must not contain the string: '.gui.'
2022-06-08 12:03:43,942 INFO o.a.j.JMeter: Running test (1654682623942)
2022-06-08 12:03:43,952 INFO o.a.j.e.StandardJMeterEngine: Starting ThreadGroup: 1 : Thread Group
2022-06-08 12:03:43,952 INFO o.a.j.e.StandardJMeterEngine: Starting 100 threads for group Thread Group.
2022-06-08 12:03:43,952 INFO o.a.j.e.StandardJMeterEngine: Thread will continue on error
2022-06-08 12:03:43,953 INFO o.a.j.t.ThreadGroup: Starting thread group... number=1 threads=100 ramp-up=1 delayedStart=false
2022-06-08 12:03:43,961 INFO o.a.j.t.JMeterThread: Thread started: Thread Group 1-1
2022-06-08 12:03:43,969 INFO o.a.j.t.JMeterThread: Thread started: Thread Group 1-2
2022-06-08 12:03:43,975 INFO o.a.j.p.h.s.HTTPHCAbstractImpl: Local host = DESKTOP-11
2022-06-08 12:03:43,976 INFO o.a.j.t.ThreadGroup: Started thread group number 1
2022-06-08 12:03:43,976 INFO o.a.j.e.StandardJMeterEngine: All thread groups have been started
2022-06-08 12:03:43,979 INFO o.a.j.t.JMeterThread: Thread started: Thread Group 1-3
2022-06-08 12:03:43,980 INFO o.a.j.p.h.s.HTTPHC4Impl: HTTP request retry count = 0
2022-06-08 12:03:43,981 INFO o.a.j.s.SampleResult: Note: Sample TimeStamps are START times
2022-06-08 12:03:43,981 INFO o.a.j.s.SampleResult: sampleresult.default.encoding is set to ISO-8859-1
2022-06-08 12:03:43,981 INFO o.a.j.s.SampleResult: sampleresult.useNanoTime=true
2022-06-08 12:03:43,981 INFO o.a.j.s.SampleResult: sampleresult.nanoThreadSleep=5000
2022-06-08 12:03:43,988 INFO o.a.j.t.JMeterThread: Thread started: Thread Group 1-4
2022-06-08 12:03:43,996 INFO o.a.j.t.JMeterThread: Thread started: Thread Group 1-5
2022-06-08 12:03:44,006 INFO o.a.j.t.JMeterThread: Thread started: Thread Group 1-6
2022-06-08 12:03:44,015 INFO o.a.j.t.JMeterThread: Thread started: Thread Group 1-7
2022-06-08 12:03:44,025 INFO o.a.j.t.JMeterThread: Thread started: Thread Group 1-8
2022-06-08 12:03:44,035 INFO o.a.j.t.JMeterThread: Thread started: Thread Group 1-9
2022-06-08 12:03:44,044 INFO o.a.j.t.JMeterThread: Thread started: Thread Group 1-10
2022-06-08 12:03:44,053 INFO o.a.j.t.JMeterThread: Thread started: Thread Group 1-11
2022-06-08 12:03:44,064 INFO o.a.j.t.JMeterThread: Thread started: Thread Group 1-12
2022-06-08 12:03:44,074 INFO o.a.j.t.JMeterThread: Thread started: Thread Group 1-13
2022-06-08 12:03:44,084 INFO o.a.j.t.JMeterThread: Thread started: Thread Group 1-14
2022-06-08 12:03:44,094 INFO o.a.j.t.JMeterThread: Thread started: Thread Group 1-15
2022-06-08 12:03:44,105 INFO o.a.j.t.JMeterThread: Thread started: Thread Group 1-16
2022-06-08 12:03:44,114 INFO o.a.j.t.JMeterThread: Thread started: Thread Group 1-17
2022-06-08 12:03:44,123 INFO o.a.j.t.JMeterThread: Thread started: Thread Group 1-18
2022-06-08 12:03:44,133 INFO o.a.j.t.JMeterThread: Thread started: Thread Group 1-19
2022-06-08 12:03:44,143 INFO o.a.j.t.JMeterThread: Thread started: Thread Group 1-20
2022-06-08 12:03:44,153 INFO o.a.j.t.JMeterThread: Thread started: Thread Group 1-21
2022-06-08 12:03:44,164 INFO o.a.j.t.JMeterThread: Thread started: Thread Group 1-22
2022-06-08 12:03:44,173 INFO o.a.j.t.JMeterThread: Thread started: Thread Group 1-23
2022-06-08 12:03:44,183 INFO o.a.j.t.JMeterThread: Thread started: Thread Group 1-24
2022-06-08 12:03:44,193 INFO o.a.j.t.JMeterThread: Thread started: Thread Group 1-25
2022-06-08 12:03:44,204 INFO o.a.j.t.JMeterThread: Thread started: Thread Group 1-26
2022-06-08 12:03:44,214 INFO o.a.j.t.JMeterThread: Thread started: Thread Group 1-27
2022-06-08 12:03:44,223 INFO o.a.j.t.JMeterThread: Thread started: Thread Group 1-28
2022-06-08 12:03:44,233 INFO o.a.j.t.JMeterThread: Thread started: Thread Group 1-29
2022-06-08 12:03:44,243 INFO o.a.j.t.JMeterThread: Thread started: Thread Group 1-30
2022-06-08 12:03:44,253 INFO o.a.j.t.JMeterThread: Thread started: Thread Group 1-31
2022-06-08 12:03:44,263 INFO o.a.j.t.JMeterThread: Thread started: Thread Group 1-32
2022-06-08 12:03:44,275 INFO o.a.j.t.JMeterThread: Thread started: Thread Group 1-33
2022-06-08 12:03:44,285 INFO o.a.j.t.JMeterThread: Thread started: Thread Group 1-34
2022-06-08 12:03:44,294 INFO o.a.j.t.JMeterThread: Thread started: Thread Group 1-35
2022-06-08 12:03:44,304 INFO o.a.j.t.JMeterThread: Thread started: Thread Group 1-36
2022-06-08 12:03:44,314 INFO o.a.j.t.JMeterThread: Thread started: Thread Group 1-37
2022-06-08 12:03:44,324 INFO o.a.j.t.JMeterThread: Thread started: Thread Group 1-38
2022-06-08 12:03:44,334 INFO o.a.j.t.JMeterThread: Thread started: Thread Group 1-39
2022-06-08 12:03:44,345 INFO o.a.j.t.JMeterThread: Thread started: Thread Group 1-40
2022-06-08 12:03:44,355 INFO o.a.j.t.JMeterThread: Thread started: Thread Group 1-41
2022-06-08 12:03:44,364 INFO o.a.j.t.JMeterThread: Thread started: Thread Group 1-42
2022-06-08 12:03:44,374 INFO o.a.j.t.JMeterThread: Thread started: Thread Group 1-43
2022-06-08 12:03:44,384 INFO o.a.j.t.JMeterThread: Thread started: Thread Group 1-44
2022-06-08 12:03:44,394 INFO o.a.j.t.JMeterThread: Thread started: Thread Group 1-45
2022-06-08 12:03:44,404 INFO o.a.j.t.JMeterThread: Thread started: Thread Group 1-46
2022-06-08 12:03:44,414 INFO o.a.j.t.JMeterThread: Thread started: Thread Group 1-47
2022-06-08 12:03:44,425 INFO o.a.j.t.JMeterThread: Thread started: Thread Group 1-48
2022-06-08 12:03:44,434 INFO o.a.j.t.JMeterThread: Thread started: Thread Group 1-49
2022-06-08 12:03:44,443 INFO o.a.j.t.JMeterThread: Thread started: Thread Group 1-50
2022-06-08 12:03:44,453 INFO o.a.j.t.JMeterThread: Thread started: Thread Group 1-51
2022-06-08 12:03:44,464 INFO o.a.j.t.JMeterThread: Thread started: Thread Group 1-52
2022-06-08 12:03:44,474 INFO o.a.j.t.JMeterThread: Thread started: Thread Group 1-53
2022-06-08 12:03:44,483 INFO o.a.j.t.JMeterThread: Thread started: Thread Group 1-54
2022-06-08 12:03:44,493 INFO o.a.j.t.JMeterThread: Thread started: Thread Group 1-55
2022-06-08 12:03:44,503 INFO o.a.j.t.JMeterThread: Thread started: Thread Group 1-56
2022-06-08 12:03:44,514 INFO o.a.j.t.JMeterThread: Thread started: Thread Group 1-57
2022-06-08 12:03:44,524 INFO o.a.j.t.JMeterThread: Thread started: Thread Group 1-58
2022-06-08 12:03:44,534 INFO o.a.j.t.JMeterThread: Thread started: Thread Group 1-59
2022-06-08 12:03:44,544 INFO o.a.j.t.JMeterThread: Thread started: Thread Group 1-60
2022-06-08 12:03:44,553 INFO o.a.j.t.JMeterThread: Thread started: Thread Group 1-61
2022-06-08 12:03:44,563 INFO o.a.j.t.JMeterThread: Thread started: Thread Group 1-62
2022-06-08 12:03:44,574 INFO o.a.j.t.JMeterThread: Thread started: Thread Group 1-63
2022-06-08 12:03:44,585 INFO o.a.j.t.JMeterThread: Thread started: Thread Group 1-64
2022-06-08 12:03:44,595 INFO o.a.j.t.JMeterThread: Thread started: Thread Group 1-65
2022-06-08 12:03:44,604 INFO o.a.j.t.JMeterThread: Thread started: Thread Group 1-66
2022-06-08 12:03:44,613 INFO o.a.j.t.JMeterThread: Thread started: Thread Group 1-67
2022-06-08 12:03:44,623 INFO o.a.j.t.JMeterThread: Thread started: Thread Group 1-68
2022-06-08 12:03:44,633 INFO o.a.j.t.JMeterThread: Thread started: Thread Group 1-69
2022-06-08 12:03:44,644 INFO o.a.j.t.JMeterThread: Thread started: Thread Group 1-70
2022-06-08 12:03:44,654 INFO o.a.j.t.JMeterThread: Thread started: Thread Group 1-71
2022-06-08 12:03:44,664 INFO o.a.j.t.JMeterThread: Thread started: Thread Group 1-72
2022-06-08 12:03:44,674 INFO o.a.j.t.JMeterThread: Thread started: Thread Group 1-73
2022-06-08 12:03:44,683 INFO o.a.j.t.JMeterThread: Thread started: Thread Group 1-74
2022-06-08 12:03:44,693 INFO o.a.j.t.JMeterThread: Thread started: Thread Group 1-75
2022-06-08 12:03:44,704 INFO o.a.j.t.JMeterThread: Thread started: Thread Group 1-76
2022-06-08 12:03:44,714 INFO o.a.j.t.JMeterThread: Thread started: Thread Group 1-77
2022-06-08 12:03:44,724 INFO o.a.j.t.JMeterThread: Thread started: Thread Group 1-78
2022-06-08 12:03:44,734 INFO o.a.j.t.JMeterThread: Thread started: Thread Group 1-79
2022-06-08 12:03:44,743 INFO o.a.j.t.JMeterThread: Thread started: Thread Group 1-80
2022-06-08 12:03:44,755 INFO o.a.j.t.JMeterThread: Thread started: Thread Group 1-81
2022-06-08 12:03:44,765 INFO o.a.j.t.JMeterThread: Thread started: Thread Group 1-82
2022-06-08 12:03:44,774 INFO o.a.j.t.JMeterThread: Thread started: Thread Group 1-83
2022-06-08 12:03:44,783 INFO o.a.j.t.JMeterThread: Thread started: Thread Group 1-84
2022-06-08 12:03:44,793 INFO o.a.j.t.JMeterThread: Thread started: Thread Group 1-85
2022-06-08 12:03:44,803 INFO o.a.j.t.JMeterThread: Thread started: Thread Group 1-86
2022-06-08 12:03:44,814 INFO o.a.j.t.JMeterThread: Thread started: Thread Group 1-87
2022-06-08 12:03:44,824 INFO o.a.j.t.JMeterThread: Thread started: Thread Group 1-88
2022-06-08 12:03:44,834 INFO o.a.j.t.JMeterThread: Thread started: Thread Group 1-89
2022-06-08 12:03:44,844 INFO o.a.j.t.JMeterThread: Thread started: Thread Group 1-90
2022-06-08 12:03:44,854 INFO o.a.j.t.JMeterThread: Thread started: Thread Group 1-91
2022-06-08 12:03:44,864 INFO o.a.j.t.JMeterThread: Thread started: Thread Group 1-92
2022-06-08 12:03:44,874 INFO o.a.j.t.JMeterThread: Thread started: Thread Group 1-93
2022-06-08 12:03:44,883 INFO o.a.j.t.JMeterThread: Thread started: Thread Group 1-94
2022-06-08 12:03:44,894 INFO o.a.j.t.JMeterThread: Thread started: Thread Group 1-95
2022-06-08 12:03:44,903 INFO o.a.j.t.JMeterThread: Thread started: Thread Group 1-96
2022-06-08 12:03:44,913 INFO o.a.j.t.JMeterThread: Thread started: Thread Group 1-97
2022-06-08 12:03:44,923 INFO o.a.j.t.JMeterThread: Thread started: Thread Group 1-98
2022-06-08 12:03:44,934 INFO o.a.j.t.JMeterThread: Thread started: Thread Group 1-99
2022-06-08 12:03:44,944 INFO o.a.j.t.JMeterThread: Thread started: Thread Group 1-100
2022-06-08 12:04:00,000 INFO o.a.j.r.Summariser: summary +  48539 in 00:00:16 = 3022.7/s Avg:    31 Min:     0 Max:   209 Err:     0 (0.00%) Active: 100 Started: 100 Finished: 0
2022-06-08 12:04:13,176 INFO o.a.j.t.JMeterThread: Thread is done: Thread Group 1-1
2022-06-08 12:04:13,176 INFO o.a.j.t.JMeterThread: Thread finished: Thread Group 1-1
2022-06-08 12:04:13,643 INFO o.a.j.t.JMeterThread: Thread is done: Thread Group 1-10
2022-06-08 12:04:13,643 INFO o.a.j.t.JMeterThread: Thread finished: Thread Group 1-10
2022-06-08 12:04:13,760 INFO o.a.j.t.JMeterThread: Thread is done: Thread Group 1-5
2022-06-08 12:04:13,761 INFO o.a.j.t.JMeterThread: Thread finished: Thread Group 1-5
2022-06-08 12:04:14,219 INFO o.a.j.t.JMeterThread: Thread is done: Thread Group 1-13
2022-06-08 12:04:14,220 INFO o.a.j.t.JMeterThread: Thread finished: Thread Group 1-13
2022-06-08 12:04:14,250 INFO o.a.j.t.JMeterThread: Thread is done: Thread Group 1-2
2022-06-08 12:04:14,250 INFO o.a.j.t.JMeterThread: Thread finished: Thread Group 1-2
2022-06-08 12:04:14,360 INFO o.a.j.t.JMeterThread: Thread is done: Thread Group 1-3
2022-06-08 12:04:14,360 INFO o.a.j.t.JMeterThread: Thread finished: Thread Group 1-3
2022-06-08 12:04:14,422 INFO o.a.j.t.JMeterThread: Thread is done: Thread Group 1-9
2022-06-08 12:04:14,422 INFO o.a.j.t.JMeterThread: Thread finished: Thread Group 1-9
2022-06-08 12:04:14,672 INFO o.a.j.t.JMeterThread: Thread is done: Thread Group 1-6
2022-06-08 12:04:14,672 INFO o.a.j.t.JMeterThread: Thread finished: Thread Group 1-6
2022-06-08 12:04:14,937 INFO o.a.j.t.JMeterThread: Thread is done: Thread Group 1-12
2022-06-08 12:04:14,937 INFO o.a.j.t.JMeterThread: Thread finished: Thread Group 1-12
2022-06-08 12:04:15,012 INFO o.a.j.t.JMeterThread: Thread is done: Thread Group 1-7
2022-06-08 12:04:15,012 INFO o.a.j.t.JMeterThread: Thread finished: Thread Group 1-7
2022-06-08 12:04:15,063 INFO o.a.j.t.JMeterThread: Thread is done: Thread Group 1-17
2022-06-08 12:04:15,063 INFO o.a.j.t.JMeterThread: Thread finished: Thread Group 1-17
2022-06-08 12:04:15,260 INFO o.a.j.t.JMeterThread: Thread is done: Thread Group 1-34
2022-06-08 12:04:15,260 INFO o.a.j.t.JMeterThread: Thread finished: Thread Group 1-34
2022-06-08 12:04:15,277 INFO o.a.j.t.JMeterThread: Thread is done: Thread Group 1-21
2022-06-08 12:04:15,277 INFO o.a.j.t.JMeterThread: Thread finished: Thread Group 1-21
2022-06-08 12:04:15,305 INFO o.a.j.t.JMeterThread: Thread is done: Thread Group 1-26
2022-06-08 12:04:15,305 INFO o.a.j.t.JMeterThread: Thread finished: Thread Group 1-26
2022-06-08 12:04:15,332 INFO o.a.j.t.JMeterThread: Thread is done: Thread Group 1-8
2022-06-08 12:04:15,332 INFO o.a.j.t.JMeterThread: Thread finished: Thread Group 1-8
2022-06-08 12:04:15,333 INFO o.a.j.t.JMeterThread: Thread is done: Thread Group 1-4
2022-06-08 12:04:15,333 INFO o.a.j.t.JMeterThread: Thread finished: Thread Group 1-4
2022-06-08 12:04:15,374 INFO o.a.j.t.JMeterThread: Thread is done: Thread Group 1-11
2022-06-08 12:04:15,374 INFO o.a.j.t.JMeterThread: Thread finished: Thread Group 1-11
2022-06-08 12:04:15,446 INFO o.a.j.t.JMeterThread: Thread is done: Thread Group 1-14
2022-06-08 12:04:15,446 INFO o.a.j.t.JMeterThread: Thread finished: Thread Group 1-14
2022-06-08 12:04:15,537 INFO o.a.j.t.JMeterThread: Thread is done: Thread Group 1-33
2022-06-08 12:04:15,537 INFO o.a.j.t.JMeterThread: Thread finished: Thread Group 1-33
2022-06-08 12:04:15,576 INFO o.a.j.t.JMeterThread: Thread is done: Thread Group 1-50
2022-06-08 12:04:15,576 INFO o.a.j.t.JMeterThread: Thread finished: Thread Group 1-50
2022-06-08 12:04:15,610 INFO o.a.j.t.JMeterThread: Thread is done: Thread Group 1-18
2022-06-08 12:04:15,610 INFO o.a.j.t.JMeterThread: Thread finished: Thread Group 1-18
2022-06-08 12:04:15,826 INFO o.a.j.t.JMeterThread: Thread is done: Thread Group 1-35
2022-06-08 12:04:15,826 INFO o.a.j.t.JMeterThread: Thread finished: Thread Group 1-35
2022-06-08 12:04:15,878 INFO o.a.j.t.JMeterThread: Thread is done: Thread Group 1-30
2022-06-08 12:04:15,878 INFO o.a.j.t.JMeterThread: Thread finished: Thread Group 1-30
2022-06-08 12:04:15,879 INFO o.a.j.t.JMeterThread: Thread is done: Thread Group 1-23
2022-06-08 12:04:15,879 INFO o.a.j.t.JMeterThread: Thread finished: Thread Group 1-23
2022-06-08 12:04:15,883 INFO o.a.j.t.JMeterThread: Thread is done: Thread Group 1-82
2022-06-08 12:04:15,883 INFO o.a.j.t.JMeterThread: Thread finished: Thread Group 1-82
2022-06-08 12:04:15,889 INFO o.a.j.t.JMeterThread: Thread is done: Thread Group 1-15
2022-06-08 12:04:15,889 INFO o.a.j.t.JMeterThread: Thread finished: Thread Group 1-15
2022-06-08 12:04:15,962 INFO o.a.j.t.JMeterThread: Thread is done: Thread Group 1-90
2022-06-08 12:04:15,962 INFO o.a.j.t.JMeterThread: Thread finished: Thread Group 1-90
2022-06-08 12:04:16,029 INFO o.a.j.t.JMeterThread: Thread is done: Thread Group 1-42
2022-06-08 12:04:16,029 INFO o.a.j.t.JMeterThread: Thread finished: Thread Group 1-42
2022-06-08 12:04:16,046 INFO o.a.j.t.JMeterThread: Thread is done: Thread Group 1-98
2022-06-08 12:04:16,046 INFO o.a.j.t.JMeterThread: Thread finished: Thread Group 1-98
2022-06-08 12:04:16,083 INFO o.a.j.t.JMeterThread: Thread is done: Thread Group 1-20
2022-06-08 12:04:16,083 INFO o.a.j.t.JMeterThread: Thread finished: Thread Group 1-20
2022-06-08 12:04:16,097 INFO o.a.j.t.JMeterThread: Thread is done: Thread Group 1-19
2022-06-08 12:04:16,097 INFO o.a.j.t.JMeterThread: Thread finished: Thread Group 1-19
2022-06-08 12:04:16,126 INFO o.a.j.t.JMeterThread: Thread is done: Thread Group 1-43
2022-06-08 12:04:16,126 INFO o.a.j.t.JMeterThread: Thread finished: Thread Group 1-43
2022-06-08 12:04:16,168 INFO o.a.j.t.JMeterThread: Thread is done: Thread Group 1-27
2022-06-08 12:04:16,168 INFO o.a.j.t.JMeterThread: Thread finished: Thread Group 1-27
2022-06-08 12:04:16,217 INFO o.a.j.t.JMeterThread: Thread is done: Thread Group 1-54
2022-06-08 12:04:16,217 INFO o.a.j.t.JMeterThread: Thread finished: Thread Group 1-54
2022-06-08 12:04:16,262 INFO o.a.j.t.JMeterThread: Thread is done: Thread Group 1-32
2022-06-08 12:04:16,262 INFO o.a.j.t.JMeterThread: Thread finished: Thread Group 1-32
2022-06-08 12:04:16,271 INFO o.a.j.t.JMeterThread: Thread is done: Thread Group 1-24
2022-06-08 12:04:16,271 INFO o.a.j.t.JMeterThread: Thread finished: Thread Group 1-24
2022-06-08 12:04:16,272 INFO o.a.j.t.JMeterThread: Thread is done: Thread Group 1-29
2022-06-08 12:04:16,272 INFO o.a.j.t.JMeterThread: Thread finished: Thread Group 1-29
2022-06-08 12:04:16,297 INFO o.a.j.t.JMeterThread: Thread is done: Thread Group 1-66
2022-06-08 12:04:16,298 INFO o.a.j.t.JMeterThread: Thread finished: Thread Group 1-66
2022-06-08 12:04:16,304 INFO o.a.j.t.JMeterThread: Thread is done: Thread Group 1-16
2022-06-08 12:04:16,304 INFO o.a.j.t.JMeterThread: Thread finished: Thread Group 1-16
2022-06-08 12:04:16,344 INFO o.a.j.t.JMeterThread: Thread is done: Thread Group 1-46
2022-06-08 12:04:16,344 INFO o.a.j.t.JMeterThread: Thread finished: Thread Group 1-46
2022-06-08 12:04:16,381 INFO o.a.j.t.JMeterThread: Thread is done: Thread Group 1-81
2022-06-08 12:04:16,381 INFO o.a.j.t.JMeterThread: Thread finished: Thread Group 1-81
2022-06-08 12:04:16,382 INFO o.a.j.t.JMeterThread: Thread is done: Thread Group 1-51
2022-06-08 12:04:16,382 INFO o.a.j.t.JMeterThread: Thread finished: Thread Group 1-51
2022-06-08 12:04:16,399 INFO o.a.j.t.JMeterThread: Thread is done: Thread Group 1-74
2022-06-08 12:04:16,399 INFO o.a.j.t.JMeterThread: Thread finished: Thread Group 1-74
2022-06-08 12:04:16,424 INFO o.a.j.t.JMeterThread: Thread is done: Thread Group 1-97
2022-06-08 12:04:16,424 INFO o.a.j.t.JMeterThread: Thread finished: Thread Group 1-97
2022-06-08 12:04:16,490 INFO o.a.j.t.JMeterThread: Thread is done: Thread Group 1-58
2022-06-08 12:04:16,490 INFO o.a.j.t.JMeterThread: Thread finished: Thread Group 1-58
2022-06-08 12:04:16,494 INFO o.a.j.t.JMeterThread: Thread is done: Thread Group 1-31
2022-06-08 12:04:16,494 INFO o.a.j.t.JMeterThread: Thread finished: Thread Group 1-31
2022-06-08 12:04:16,498 INFO o.a.j.t.JMeterThread: Thread is done: Thread Group 1-37
2022-06-08 12:04:16,498 INFO o.a.j.t.JMeterThread: Thread finished: Thread Group 1-37
2022-06-08 12:04:16,503 INFO o.a.j.t.JMeterThread: Thread is done: Thread Group 1-36
2022-06-08 12:04:16,503 INFO o.a.j.t.JMeterThread: Thread finished: Thread Group 1-36
2022-06-08 12:04:16,515 INFO o.a.j.t.JMeterThread: Thread is done: Thread Group 1-56
2022-06-08 12:04:16,515 INFO o.a.j.t.JMeterThread: Thread finished: Thread Group 1-56
2022-06-08 12:04:16,543 INFO o.a.j.t.JMeterThread: Thread is done: Thread Group 1-77
2022-06-08 12:04:16,543 INFO o.a.j.t.JMeterThread: Thread finished: Thread Group 1-77
2022-06-08 12:04:16,549 INFO o.a.j.t.JMeterThread: Thread is done: Thread Group 1-25
2022-06-08 12:04:16,549 INFO o.a.j.t.JMeterThread: Thread finished: Thread Group 1-25
2022-06-08 12:04:16,598 INFO o.a.j.t.JMeterThread: Thread is done: Thread Group 1-38
2022-06-08 12:04:16,598 INFO o.a.j.t.JMeterThread: Thread finished: Thread Group 1-38
2022-06-08 12:04:16,609 INFO o.a.j.t.JMeterThread: Thread is done: Thread Group 1-94
2022-06-08 12:04:16,609 INFO o.a.j.t.JMeterThread: Thread finished: Thread Group 1-94
2022-06-08 12:04:16,616 INFO o.a.j.t.JMeterThread: Thread is done: Thread Group 1-64
2022-06-08 12:04:16,616 INFO o.a.j.t.JMeterThread: Thread finished: Thread Group 1-64
2022-06-08 12:04:16,667 INFO o.a.j.t.JMeterThread: Thread is done: Thread Group 1-70
2022-06-08 12:04:16,668 INFO o.a.j.t.JMeterThread: Thread finished: Thread Group 1-70
2022-06-08 12:04:16,671 INFO o.a.j.t.JMeterThread: Thread is done: Thread Group 1-88
2022-06-08 12:04:16,671 INFO o.a.j.t.JMeterThread: Thread finished: Thread Group 1-88
2022-06-08 12:04:16,680 INFO o.a.j.t.JMeterThread: Thread is done: Thread Group 1-57
2022-06-08 12:04:16,680 INFO o.a.j.t.JMeterThread: Thread finished: Thread Group 1-57
2022-06-08 12:04:16,692 INFO o.a.j.t.JMeterThread: Thread is done: Thread Group 1-59
2022-06-08 12:04:16,693 INFO o.a.j.t.JMeterThread: Thread finished: Thread Group 1-59
2022-06-08 12:04:16,693 INFO o.a.j.t.JMeterThread: Thread is done: Thread Group 1-22
2022-06-08 12:04:16,693 INFO o.a.j.t.JMeterThread: Thread finished: Thread Group 1-22
2022-06-08 12:04:16,695 INFO o.a.j.t.JMeterThread: Thread is done: Thread Group 1-52
2022-06-08 12:04:16,695 INFO o.a.j.t.JMeterThread: Thread finished: Thread Group 1-52
2022-06-08 12:04:16,697 INFO o.a.j.t.JMeterThread: Thread is done: Thread Group 1-75
2022-06-08 12:04:16,697 INFO o.a.j.t.JMeterThread: Thread finished: Thread Group 1-75
2022-06-08 12:04:16,714 INFO o.a.j.t.JMeterThread: Thread is done: Thread Group 1-47
2022-06-08 12:04:16,714 INFO o.a.j.t.JMeterThread: Thread finished: Thread Group 1-47
2022-06-08 12:04:16,716 INFO o.a.j.t.JMeterThread: Thread is done: Thread Group 1-45
2022-06-08 12:04:16,716 INFO o.a.j.t.JMeterThread: Thread finished: Thread Group 1-45
2022-06-08 12:04:16,716 INFO o.a.j.t.JMeterThread: Thread is done: Thread Group 1-28
2022-06-08 12:04:16,716 INFO o.a.j.t.JMeterThread: Thread finished: Thread Group 1-28
2022-06-08 12:04:16,717 INFO o.a.j.t.JMeterThread: Thread is done: Thread Group 1-67
2022-06-08 12:04:16,717 INFO o.a.j.t.JMeterThread: Thread finished: Thread Group 1-67
2022-06-08 12:04:16,724 INFO o.a.j.t.JMeterThread: Thread is done: Thread Group 1-49
2022-06-08 12:04:16,724 INFO o.a.j.t.JMeterThread: Thread finished: Thread Group 1-49
2022-06-08 12:04:16,730 INFO o.a.j.t.JMeterThread: Thread is done: Thread Group 1-86
2022-06-08 12:04:16,730 INFO o.a.j.t.JMeterThread: Thread finished: Thread Group 1-86
2022-06-08 12:04:16,734 INFO o.a.j.t.JMeterThread: Thread is done: Thread Group 1-91
2022-06-08 12:04:16,734 INFO o.a.j.t.JMeterThread: Thread finished: Thread Group 1-91
2022-06-08 12:04:16,736 INFO o.a.j.t.JMeterThread: Thread is done: Thread Group 1-61
2022-06-08 12:04:16,736 INFO o.a.j.t.JMeterThread: Thread finished: Thread Group 1-61
2022-06-08 12:04:16,737 INFO o.a.j.t.JMeterThread: Thread is done: Thread Group 1-63
2022-06-08 12:04:16,737 INFO o.a.j.t.JMeterThread: Thread finished: Thread Group 1-63
2022-06-08 12:04:16,742 INFO o.a.j.t.JMeterThread: Thread is done: Thread Group 1-71
2022-06-08 12:04:16,742 INFO o.a.j.t.JMeterThread: Thread finished: Thread Group 1-71
2022-06-08 12:04:16,746 INFO o.a.j.t.JMeterThread: Thread is done: Thread Group 1-76
2022-06-08 12:04:16,746 INFO o.a.j.t.JMeterThread: Thread finished: Thread Group 1-76
2022-06-08 12:04:16,754 INFO o.a.j.t.JMeterThread: Thread is done: Thread Group 1-80
2022-06-08 12:04:16,754 INFO o.a.j.t.JMeterThread: Thread finished: Thread Group 1-80
2022-06-08 12:04:16,759 INFO o.a.j.t.JMeterThread: Thread is done: Thread Group 1-40
2022-06-08 12:04:16,759 INFO o.a.j.t.JMeterThread: Thread finished: Thread Group 1-40
2022-06-08 12:04:16,763 INFO o.a.j.t.JMeterThread: Thread is done: Thread Group 1-72
2022-06-08 12:04:16,763 INFO o.a.j.t.JMeterThread: Thread finished: Thread Group 1-72
2022-06-08 12:04:16,766 INFO o.a.j.t.JMeterThread: Thread is done: Thread Group 1-48
2022-06-08 12:04:16,767 INFO o.a.j.t.JMeterThread: Thread finished: Thread Group 1-48
2022-06-08 12:04:16,769 INFO o.a.j.t.JMeterThread: Thread is done: Thread Group 1-44
2022-06-08 12:04:16,769 INFO o.a.j.t.JMeterThread: Thread finished: Thread Group 1-44
2022-06-08 12:04:16,772 INFO o.a.j.t.JMeterThread: Thread is done: Thread Group 1-62
2022-06-08 12:04:16,772 INFO o.a.j.t.JMeterThread: Thread finished: Thread Group 1-62
2022-06-08 12:04:16,782 INFO o.a.j.t.JMeterThread: Thread is done: Thread Group 1-93
2022-06-08 12:04:16,782 INFO o.a.j.t.JMeterThread: Thread finished: Thread Group 1-93
2022-06-08 12:04:16,783 INFO o.a.j.t.JMeterThread: Thread is done: Thread Group 1-83
2022-06-08 12:04:16,783 INFO o.a.j.t.JMeterThread: Thread finished: Thread Group 1-83
2022-06-08 12:04:16,796 INFO o.a.j.t.JMeterThread: Thread is done: Thread Group 1-73
2022-06-08 12:04:16,796 INFO o.a.j.t.JMeterThread: Thread finished: Thread Group 1-73
2022-06-08 12:04:16,805 INFO o.a.j.t.JMeterThread: Thread is done: Thread Group 1-85
2022-06-08 12:04:16,805 INFO o.a.j.t.JMeterThread: Thread finished: Thread Group 1-85
2022-06-08 12:04:16,814 INFO o.a.j.t.JMeterThread: Thread is done: Thread Group 1-92
2022-06-08 12:04:16,814 INFO o.a.j.t.JMeterThread: Thread finished: Thread Group 1-92
2022-06-08 12:04:16,815 INFO o.a.j.t.JMeterThread: Thread is done: Thread Group 1-99
2022-06-08 12:04:16,815 INFO o.a.j.t.JMeterThread: Thread finished: Thread Group 1-99
2022-06-08 12:04:16,819 INFO o.a.j.t.JMeterThread: Thread is done: Thread Group 1-41
2022-06-08 12:04:16,819 INFO o.a.j.t.JMeterThread: Thread finished: Thread Group 1-41
2022-06-08 12:04:16,819 INFO o.a.j.t.JMeterThread: Thread is done: Thread Group 1-60
2022-06-08 12:04:16,819 INFO o.a.j.t.JMeterThread: Thread finished: Thread Group 1-60
2022-06-08 12:04:16,820 INFO o.a.j.t.JMeterThread: Thread is done: Thread Group 1-96
2022-06-08 12:04:16,820 INFO o.a.j.t.JMeterThread: Thread finished: Thread Group 1-96
2022-06-08 12:04:16,822 INFO o.a.j.t.JMeterThread: Thread is done: Thread Group 1-39
2022-06-08 12:04:16,823 INFO o.a.j.t.JMeterThread: Thread finished: Thread Group 1-39
2022-06-08 12:04:16,828 INFO o.a.j.t.JMeterThread: Thread is done: Thread Group 1-78
2022-06-08 12:04:16,828 INFO o.a.j.t.JMeterThread: Thread finished: Thread Group 1-78
2022-06-08 12:04:16,829 INFO o.a.j.t.JMeterThread: Thread is done: Thread Group 1-65
2022-06-08 12:04:16,829 INFO o.a.j.t.JMeterThread: Thread finished: Thread Group 1-65
2022-06-08 12:04:16,835 INFO o.a.j.t.JMeterThread: Thread is done: Thread Group 1-69
2022-06-08 12:04:16,835 INFO o.a.j.t.JMeterThread: Thread finished: Thread Group 1-69
2022-06-08 12:04:16,839 INFO o.a.j.t.JMeterThread: Thread is done: Thread Group 1-89
2022-06-08 12:04:16,839 INFO o.a.j.t.JMeterThread: Thread finished: Thread Group 1-89
2022-06-08 12:04:16,843 INFO o.a.j.t.JMeterThread: Thread is done: Thread Group 1-100
2022-06-08 12:04:16,843 INFO o.a.j.t.JMeterThread: Thread finished: Thread Group 1-100
2022-06-08 12:04:16,846 INFO o.a.j.t.JMeterThread: Thread is done: Thread Group 1-55
2022-06-08 12:04:16,846 INFO o.a.j.t.JMeterThread: Thread finished: Thread Group 1-55
2022-06-08 12:04:16,847 INFO o.a.j.t.JMeterThread: Thread is done: Thread Group 1-68
2022-06-08 12:04:16,847 INFO o.a.j.t.JMeterThread: Thread finished: Thread Group 1-68
2022-06-08 12:04:16,851 INFO o.a.j.t.JMeterThread: Thread is done: Thread Group 1-79
2022-06-08 12:04:16,851 INFO o.a.j.t.JMeterThread: Thread finished: Thread Group 1-79
2022-06-08 12:04:16,855 INFO o.a.j.t.JMeterThread: Thread is done: Thread Group 1-53
2022-06-08 12:04:16,855 INFO o.a.j.t.JMeterThread: Thread finished: Thread Group 1-53
2022-06-08 12:04:16,868 INFO o.a.j.t.JMeterThread: Thread is done: Thread Group 1-84
2022-06-08 12:04:16,868 INFO o.a.j.t.JMeterThread: Thread finished: Thread Group 1-84
2022-06-08 12:04:16,871 INFO o.a.j.t.JMeterThread: Thread is done: Thread Group 1-95
2022-06-08 12:04:16,871 INFO o.a.j.t.JMeterThread: Thread finished: Thread Group 1-95
2022-06-08 12:04:16,872 INFO o.a.j.t.JMeterThread: Thread is done: Thread Group 1-87
2022-06-08 12:04:16,872 INFO o.a.j.t.JMeterThread: Thread finished: Thread Group 1-87
2022-06-08 12:04:16,872 INFO o.a.j.e.StandardJMeterEngine: Notifying test listeners of end of test
2022-06-08 12:04:16,874 INFO o.a.j.r.Summariser: summary +  51461 in 00:00:17 = 3049.9/s Avg:    31 Min:     0 Max:   182 Err:     0 (0.00%) Active: 0 Started: 100 Finished: 100
2022-06-08 12:04:16,874 INFO o.a.j.r.Summariser: summary = 100000 in 00:00:33 = 3036.6/s Avg:    31 Min:     0 Max:   209 Err:     0 (0.00%)
2022-06-08 12:04:16,875 INFO o.a.j.JMeter: Generating Dashboard
2022-06-08 12:04:16,875 INFO o.a.j.r.d.ReportGenerator: Flushing result collector before report Generation
2022-06-08 12:04:16,888 INFO o.a.j.r.p.NormalizerSampleConsumer: Using format, 'ms', to parse timeStamp field
2022-06-08 12:04:18,380 INFO o.a.j.r.p.AbstractSampleConsumer: class org.apache.jmeter.report.processor.AggregateConsumer#stopProducing(): beginDate produced 0 samples
2022-06-08 12:04:18,380 INFO o.a.j.r.p.AbstractSampleConsumer: class org.apache.jmeter.report.processor.AggregateConsumer#stopProducing(): endDate produced 0 samples
2022-06-08 12:04:18,381 INFO o.a.j.r.p.AbstractSampleConsumer: class org.apache.jmeter.report.processor.ApdexSummaryConsumer#stopProducing(): apdexSummary produced 0 samples
2022-06-08 12:04:18,382 INFO o.a.j.r.p.AbstractSampleConsumer: class org.apache.jmeter.report.processor.RequestsSummaryConsumer#stopProducing(): requestsSummary produced 0 samples
2022-06-08 12:04:18,392 INFO o.a.j.r.p.AbstractSampleConsumer: class org.apache.jmeter.report.processor.StatisticsSummaryConsumer#stopProducing(): statisticsSummary produced 0 samples
2022-06-08 12:04:18,392 INFO o.a.j.r.p.AbstractSampleConsumer: class org.apache.jmeter.report.processor.Top5ErrorsBySamplerConsumer#stopProducing(): top5ErrorsBySampler produced 0 samples
2022-06-08 12:04:18,392 INFO o.a.j.r.p.AbstractSampleConsumer: class org.apache.jmeter.report.processor.ErrorsSummaryConsumer#stopProducing(): errorsSummary produced 0 samples
2022-06-08 12:04:18,392 INFO o.a.j.r.p.AbstractSampleConsumer: class org.apache.jmeter.report.processor.graph.impl.HitsPerSecondGraphConsumer#stopProducing(): hitsPerSecond produced 0 samples
2022-06-08 12:04:18,608 INFO o.a.j.r.p.AbstractSampleConsumer: class org.apache.jmeter.report.processor.graph.impl.LatencyVSRequestGraphConsumer#stopProducing(): latencyVsRequest produced 0 samples
2022-06-08 12:04:18,611 INFO o.a.j.r.p.AbstractSampleConsumer: class org.apache.jmeter.report.processor.graph.impl.SyntheticResponseTimeDistributionGraphConsumer#stopProducing(): syntheticResponseTimeDistribution produced 0 samples
2022-06-08 12:04:18,611 INFO o.a.j.r.p.AbstractSampleConsumer: class org.apache.jmeter.report.processor.graph.impl.BytesThroughputGraphConsumer#stopProducing(): bytesThroughputOverTime produced 0 samples
2022-06-08 12:04:18,611 INFO o.a.j.r.p.AbstractSampleConsumer: class org.apache.jmeter.report.processor.graph.impl.CodesPerSecondGraphConsumer#stopProducing(): codesPerSecond produced 0 samples
2022-06-08 12:04:18,787 INFO o.a.j.r.p.AbstractSampleConsumer: class org.apache.jmeter.report.processor.graph.impl.ResponseTimeVSRequestGraphConsumer#stopProducing(): responseTimeVsRequest produced 0 samples
2022-06-08 12:04:18,789 INFO o.a.j.r.p.AbstractSampleConsumer: class org.apache.jmeter.report.processor.FilterConsumer#stopProducing(): startIntervalControlerFilter produced 700000 samples
2022-06-08 12:04:18,789 INFO o.a.j.r.p.AbstractSampleConsumer: class org.apache.jmeter.report.processor.graph.impl.TotalTPSGraphConsumer#stopProducing(): totalTPS produced 0 samples
2022-06-08 12:04:18,789 INFO o.a.j.r.p.AbstractSampleConsumer: class org.apache.jmeter.report.processor.graph.impl.ActiveThreadsGraphConsumer#stopProducing(): activeThreadsOverTime produced 0 samples
2022-06-08 12:04:18,789 INFO o.a.j.r.p.AbstractSampleConsumer: class org.apache.jmeter.report.processor.graph.impl.TimeVSThreadGraphConsumer#stopProducing(): timeVsThreads produced 0 samples
2022-06-08 12:04:18,789 INFO o.a.j.r.p.AbstractSampleConsumer: class org.apache.jmeter.report.processor.graph.impl.ResponseTimeDistributionGraphConsumer#stopProducing(): responseTimeDistribution produced 0 samples
2022-06-08 12:04:18,789 INFO o.a.j.r.p.AbstractSampleConsumer: class org.apache.jmeter.report.processor.graph.impl.TransactionsPerSecondGraphConsumer#stopProducing(): transactionsPerSecond produced 0 samples
2022-06-08 12:04:18,789 INFO o.a.j.r.p.AbstractSampleConsumer: class org.apache.jmeter.report.processor.graph.impl.ResponseTimePercentilesGraphConsumer#stopProducing(): responseTimePercentiles produced 0 samples
2022-06-08 12:04:18,789 INFO o.a.j.r.p.AbstractSampleConsumer: class org.apache.jmeter.report.processor.graph.impl.ResponseTimePercentilesOverTimeGraphConsumer#stopProducing(): responseTimePercentilesOverTime produced 0 samples
2022-06-08 12:04:18,790 INFO o.a.j.r.p.AbstractSampleConsumer: class org.apache.jmeter.report.processor.graph.impl.ResponseTimeOverTimeGraphConsumer#stopProducing(): responseTimesOverTime produced 0 samples
2022-06-08 12:04:18,791 INFO o.a.j.r.p.AbstractSampleConsumer: class org.apache.jmeter.report.processor.graph.impl.ConnectTimeOverTimeGraphConsumer#stopProducing(): connectTimeOverTime produced 0 samples
2022-06-08 12:04:18,791 INFO o.a.j.r.p.AbstractSampleConsumer: class org.apache.jmeter.report.processor.graph.impl.LatencyOverTimeGraphConsumer#stopProducing(): latenciesOverTime produced 0 samples
2022-06-08 12:04:18,791 INFO o.a.j.r.p.AbstractSampleConsumer: class org.apache.jmeter.report.processor.FilterConsumer#stopProducing(): nameFilter produced 1500000 samples
2022-06-08 12:04:18,791 INFO o.a.j.r.p.AbstractSampleConsumer: class org.apache.jmeter.report.processor.FilterConsumer#stopProducing(): dateRangeFilter produced 300000 samples
2022-06-08 12:04:18,791 INFO o.a.j.r.p.AbstractSampleConsumer: class org.apache.jmeter.report.processor.NormalizerSampleConsumer#stopProducing(): normalizer produced 100000 samples
2022-06-08 12:04:18,793 INFO o.a.j.r.p.CsvFileSampleSource: produce(): 100000 samples produced in 1s 887 ms on channel 0
2022-06-08 12:04:18,793 INFO o.a.j.r.d.ReportGenerator: Exporting data using exporter:'json' of className:'org.apache.jmeter.report.dashboard.JsonExporter'
2022-06-08 12:04:18,870 INFO o.a.j.r.d.JsonExporter: Found data for consumer statisticsSummary in context
2022-06-08 12:04:18,870 INFO o.a.j.r.d.JsonExporter: Creating statistics for overall
2022-06-08 12:04:18,871 INFO o.a.j.r.d.JsonExporter: Creating statistics for other transactions
2022-06-08 12:04:18,871 INFO o.a.j.r.d.JsonExporter: Checking output folder
2022-06-08 12:04:18,871 INFO o.a.j.r.d.JsonExporter: Writing statistics JSON to w:\Workspace\crc\examples\spring-2-kafka-log4j\jmeter\local\statistics.json
2022-06-08 12:04:18,896 INFO o.a.j.r.d.ReportGenerator: Exporting data using exporter:'html' of className:'org.apache.jmeter.report.dashboard.HtmlTemplateExporter'
2022-06-08 12:04:18,898 INFO o.a.j.r.d.HtmlTemplateExporter: Will generate dashboard in folder: w:\Workspace\crc\examples\spring-2-kafka-log4j\jmeter\local
2022-06-08 12:04:18,961 INFO o.a.j.r.d.HtmlTemplateExporter: Report will be generated in: w:\Workspace\crc\examples\spring-2-kafka-log4j\jmeter\local, creating folder structure
2022-06-08 12:04:18,962 INFO o.a.j.r.d.TemplateVisitor: Copying folder from 'C:\Java\apache-jmeter-5.4.3\bin\report-template' to 'w:\Workspace\crc\examples\spring-2-kafka-log4j\jmeter\local', got message: w:\Workspace\crc\examples\spring-2-kafka-log4j\jmeter\local, found non empty folder with following content [w:\Workspace\crc\examples\spring-2-kafka-log4j\jmeter\local\log-test-result.out, w:\Workspace\crc\examples\spring-2-kafka-log4j\jmeter\local\statistics.json], will be ignored
2022-06-08 12:04:19,158 INFO o.a.j.JMeter: Dashboard generated
